<?xml version="1.0" encoding="UTF-8"?>
<testsuite xmlns:xsi="http://www.w3.org/2001/XMLSchema-instance" xsi:noNamespaceSchemaLocation="https://maven.apache.org/surefire/maven-surefire-plugin/xsd/surefire-test-report.xsd" version="3.0.2" name="com.testnext.integration.DevProfileIntegrationTest" time="26.555" tests="1" errors="0" skipped="0" failures="0">
  <properties>
[...]
</properties>
  <testcase name="createTenantAndProject_shouldReturnOk" classname="com.testnext.integration.DevProfileIntegrationTest" time="1.381">
    <system-out><![CDATA[
  .   ____          _            __ _ _
 /\\ / ___'_ __ _ _(_)_ __  __ _ \ \ \ \
( ( )\___ | '_ | '_| | '_ \/ _` | \ \ \ \
 \\/  ___)| |_)| | | | | || (_| |  ) ) ) )
  '  |____| .__|_| |_|_| |_\__, | / / / /
 =========|_|==============|___/=/_/_/_/

 :: Spring Boot ::                (v3.5.0)

2025-11-26T17:27:54.594+05:30  WARN 4848 --- [           main] ory$DuplicateJsonObjectContextCustomizer : 

Found multiple occurrences of org.json.JSONObject on the class path:

	jar:file:/C:/Users/neera/.m2/repository/com/vaadin/external/google/android-json/0.0.20131108.vaadin1/android-json-0.0.20131108.vaadin1.jar!/org/json/JSONObject.class
	jar:file:/C:/Users/neera/.m2/repository/org/json/json/20230227/json-20230227.jar!/org/json/JSONObject.class

You may wish to exclude one of them to ensure predictable runtime behavior

2025-11-26T17:27:54.671+05:30  INFO 4848 --- [           main] c.t.i.DevProfileIntegrationTest          : Starting DevProfileIntegrationTest using Java 24.0.1 with PID 4848 (started by neera in C:\Users\neera\VSCodeProjects\TestNext)
2025-11-26T17:27:54.674+05:30  INFO 4848 --- [           main] c.t.i.DevProfileIntegrationTest          : The following 1 profile is active: "dev"
2025-11-26T17:27:58.314+05:30  INFO 4848 --- [           main] .s.d.r.c.RepositoryConfigurationDelegate : Bootstrapping Spring Data JPA repositories in DEFAULT mode.
2025-11-26T17:27:58.763+05:30  INFO 4848 --- [           main] o.s.b.f.s.DefaultListableBeanFactory     : Overriding bean definition for bean 'testStepRepository' with a different definition: replacing [Generic bean: class=com.testnext.execution.TestStepRepository; scope=singleton; abstract=false; lazyInit=null; autowireMode=0; dependencyCheck=0; autowireCandidate=true; primary=false; fallback=false; factoryBeanName=null; factoryMethodName=null; initMethodNames=null; destroyMethodNames=null; defined in file [C:\Users\neera\VSCodeProjects\TestNext\target\classes\com\testnext\execution\TestStepRepository.class]] with [Root bean: class=org.springframework.data.jpa.repository.support.JpaRepositoryFactoryBean; scope=; abstract=false; lazyInit=false; autowireMode=0; dependencyCheck=0; autowireCandidate=true; primary=false; fallback=false; factoryBeanName=null; factoryMethodName=null; initMethodNames=null; destroyMethodNames=null; defined in com.testnext.repository.TestStepRepository defined in @EnableJpaRepositories declared on JpaRepositoriesRegistrar.EnableJpaRepositoriesConfiguration]
2025-11-26T17:27:58.767+05:30  INFO 4848 --- [           main] .s.d.r.c.RepositoryConfigurationDelegate : Finished Spring Data repository scanning in 391 ms. Found 8 JPA repository interfaces.
2025-11-26T17:28:02.021+05:30  INFO 4848 --- [           main] o.s.b.w.embedded.tomcat.TomcatWebServer  : Tomcat initialized with port 0 (http)
2025-11-26T17:28:02.085+05:30  INFO 4848 --- [           main] o.apache.catalina.core.StandardService   : Starting service [Tomcat]
2025-11-26T17:28:02.086+05:30  INFO 4848 --- [           main] o.apache.catalina.core.StandardEngine    : Starting Servlet engine: [Apache Tomcat/10.1.41]
2025-11-26T17:28:02.385+05:30  INFO 4848 --- [           main] o.a.c.c.C.[Tomcat].[localhost].[/]       : Initializing Spring embedded WebApplicationContext
2025-11-26T17:28:02.387+05:30  INFO 4848 --- [           main] w.s.c.ServletWebServerApplicationContext : Root WebApplicationContext: initialization completed in 7653 ms
2025-11-26T17:28:03.003+05:30  INFO 4848 --- [           main] com.zaxxer.hikari.HikariDataSource       : HikariPool-1 - Starting...
2025-11-26T17:28:03.895+05:30  INFO 4848 --- [           main] com.zaxxer.hikari.pool.HikariPool        : HikariPool-1 - Added connection conn0: url=jdbc:h2:mem:testdb user=SA
2025-11-26T17:28:03.905+05:30  INFO 4848 --- [           main] com.zaxxer.hikari.HikariDataSource       : HikariPool-1 - Start completed.
2025-11-26T17:28:04.261+05:30  INFO 4848 --- [           main] o.f.c.internal.license.VersionPrinter    : Flyway Community Edition 9.22.0 by Redgate
2025-11-26T17:28:04.262+05:30  INFO 4848 --- [           main] o.f.c.internal.license.VersionPrinter    : See release notes here: https://rd.gt/416ObMi
2025-11-26T17:28:04.263+05:30  INFO 4848 --- [           main] o.f.c.internal.license.VersionPrinter    : 
2025-11-26T17:28:04.272+05:30  WARN 4848 --- [           main] o.flywaydb.core.internal.util.Locations  : Discarding location 'classpath:db/migration/dev' as it is a sub-location of 'classpath:db/migration'
2025-11-26T17:28:04.473+05:30  INFO 4848 --- [           main] org.flywaydb.core.FlywayExecutor         : Database: jdbc:h2:mem:testdb (H2 2.2)
2025-11-26T17:28:04.602+05:30  INFO 4848 --- [           main] o.f.c.i.s.JdbcTableSchemaHistory         : Schema history table "PUBLIC"."flyway_schema_history" does not exist yet
2025-11-26T17:28:04.615+05:30  INFO 4848 --- [           main] o.f.core.internal.command.DbValidate     : Successfully validated 5 migrations (execution time 00:00.076s)
2025-11-26T17:28:04.639+05:30  INFO 4848 --- [           main] o.f.c.i.s.JdbcTableSchemaHistory         : Creating Schema History table "PUBLIC"."flyway_schema_history" ...
2025-11-26T17:28:04.747+05:30  INFO 4848 --- [           main] o.f.core.internal.command.DbMigrate      : Current version of schema "PUBLIC": << Empty Schema >>
2025-11-26T17:28:04.775+05:30  INFO 4848 --- [           main] o.f.core.internal.command.DbMigrate      : Migrating schema "PUBLIC" to version "1 - create core tables"
2025-11-26T17:28:04.876+05:30  INFO 4848 --- [           main] o.f.core.internal.command.DbMigrate      : Migrating schema "PUBLIC" to version "2 - create step definitions"
2025-11-26T17:28:04.905+05:30  INFO 4848 --- [           main] o.f.core.internal.command.DbMigrate      : Migrating schema "PUBLIC" to version "3 - create tests and suites"
2025-11-26T17:28:04.929+05:30  INFO 4848 --- [           main] o.f.core.internal.command.DbMigrate      : Migrating schema "PUBLIC" to version "4 - create test steps and executions"
2025-11-26T17:28:04.960+05:30  INFO 4848 --- [           main] o.f.core.internal.command.DbMigrate      : Migrating schema "PUBLIC" to version "5 - recreate executions uuid"
2025-11-26T17:28:05.022+05:30  INFO 4848 --- [           main] o.f.core.internal.command.DbMigrate      : Successfully applied 5 migrations to schema "PUBLIC", now at version v5 (execution time 00:00.118s)
2025-11-26T17:28:05.469+05:30  INFO 4848 --- [           main] o.hibernate.jpa.internal.util.LogHelper  : HHH000204: Processing PersistenceUnitInfo [name: default]
2025-11-26T17:28:05.792+05:30  INFO 4848 --- [           main] org.hibernate.Version                    : HHH000412: Hibernate ORM core version 6.6.15.Final
2025-11-26T17:28:05.957+05:30  INFO 4848 --- [           main] o.h.c.internal.RegionFactoryInitiator    : HHH000026: Second-level cache disabled
2025-11-26T17:28:06.514+05:30  INFO 4848 --- [           main] o.s.o.j.p.SpringPersistenceUnitInfo      : No LoadTimeWeaver setup: ignoring JPA class transformer
2025-11-26T17:28:06.742+05:30  WARN 4848 --- [           main] org.hibernate.orm.deprecation            : HHH90000025: H2Dialect does not need to be specified explicitly using 'hibernate.dialect' (remove the property setting and it will be selected by default)
2025-11-26T17:28:06.802+05:30  INFO 4848 --- [           main] org.hibernate.orm.connections.pooling    : HHH10001005: Database info:
	Database JDBC URL [Connecting through datasource 'HikariDataSource (HikariPool-1)']
	Database driver: undefined/unknown
	Database version: 2.2.220
	Autocommit mode: undefined/unknown
	Isolation level: undefined/unknown
	Minimum pool size: undefined/unknown
	Maximum pool size: undefined/unknown
2025-11-26T17:28:10.317+05:30  INFO 4848 --- [           main] o.h.e.t.j.p.i.JtaPlatformInitiator       : HHH000489: No JTA platform available (set 'hibernate.transaction.jta.platform' to enable JTA platform integration)
2025-11-26T17:28:10.330+05:30  INFO 4848 --- [           main] j.LocalContainerEntityManagerFactoryBean : Initialized JPA EntityManagerFactory for persistence unit 'default'
2025-11-26T17:28:12.534+05:30  WARN 4848 --- [           main] JpaBaseConfiguration$JpaWebConfiguration : spring.jpa.open-in-view is enabled by default. Therefore, database queries may be performed during view rendering. Explicitly configure spring.jpa.open-in-view to disable this warning
2025-11-26T17:28:15.441+05:30  INFO 4848 --- [           main] o.a.c.c.C.[Tomcat].[localhost].[/]       : Initializing Spring TestDispatcherServlet ''
2025-11-26T17:28:15.442+05:30  INFO 4848 --- [           main] o.s.t.web.servlet.TestDispatcherServlet  : Initializing Servlet ''
2025-11-26T17:28:15.448+05:30  INFO 4848 --- [           main] o.s.t.web.servlet.TestDispatcherServlet  : Completed initialization in 5 ms
2025-11-26T17:28:16.240+05:30  INFO 4848 --- [           main] o.s.b.w.embedded.tomcat.TomcatWebServer  : Tomcat started on port 58318 (http) with context path '/'
2025-11-26T17:28:16.281+05:30  INFO 4848 --- [           main] c.t.i.DevProfileIntegrationTest          : Started DevProfileIntegrationTest in 23.382 seconds (process running for 33.266)
2025-11-26T17:28:16.947+05:30 DEBUG 4848 --- [           main] org.hibernate.SQL                        : 
    insert 
    into
        tenants
        (name, schema_name, id) 
    values
        (?, ?, default)
Hibernate: 
    insert 
    into
        tenants
        (name, schema_name, id) 
    values
        (?, ?, default)
2025-11-26T17:28:17.621+05:30 DEBUG 4848 --- [           main] org.hibernate.SQL                        : 
    select
        te1_0.id,
        te1_0.name,
        te1_0.schema_name 
    from
        tenants te1_0
Hibernate: 
    select
        te1_0.id,
        te1_0.name,
        te1_0.schema_name 
    from
        tenants te1_0
]]></system-out>
  </testcase>
</testsuite>